{"/home/jw/Programs/SpringBoard/second_capstone/reactFrontend/src/App.js": {"path":"/home/jw/Programs/SpringBoard/second_capstone/reactFrontend/src/App.js","statementMap":{"0":{"start":{"line":9,"column":28},"end":{"line":9,"column":40}},"1":{"start":{"line":10,"column":19},"end":{"line":10,"column":32}},"2":{"start":{"line":12,"column":2},"end":{"line":27,"column":24}},"3":{"start":{"line":14,"column":6},"end":{"line":24,"column":7}},"4":{"start":{"line":15,"column":8},"end":{"line":15,"column":38}},"5":{"start":{"line":16,"column":24},"end":{"line":16,"column":41}},"6":{"start":{"line":18,"column":25},"end":{"line":18,"column":57}},"7":{"start":{"line":19,"column":8},"end":{"line":19,"column":32}},"8":{"start":{"line":21,"column":8},"end":{"line":21,"column":69}},"9":{"start":{"line":23,"column":8},"end":{"line":23,"column":62}},"10":{"start":{"line":26,"column":4},"end":{"line":26,"column":25}},"11":{"start":{"line":26,"column":15},"end":{"line":26,"column":25}},"12":{"start":{"line":30,"column":4},"end":{"line":38,"column":5}},"13":{"start":{"line":31,"column":28},"end":{"line":31,"column":58}},"14":{"start":{"line":32,"column":6},"end":{"line":32,"column":30}},"15":{"start":{"line":33,"column":6},"end":{"line":33,"column":36}},"16":{"start":{"line":34,"column":6},"end":{"line":34,"column":28}},"17":{"start":{"line":36,"column":6},"end":{"line":36,"column":67}},"18":{"start":{"line":37,"column":6},"end":{"line":37,"column":37}},"19":{"start":{"line":42,"column":4},"end":{"line":51,"column":5}},"20":{"start":{"line":43,"column":28},"end":{"line":43,"column":57}},"21":{"start":{"line":44,"column":6},"end":{"line":44,"column":32}},"22":{"start":{"line":45,"column":6},"end":{"line":45,"column":30}},"23":{"start":{"line":46,"column":6},"end":{"line":46,"column":36}},"24":{"start":{"line":47,"column":6},"end":{"line":47,"column":28}},"25":{"start":{"line":49,"column":6},"end":{"line":49,"column":67}},"26":{"start":{"line":50,"column":6},"end":{"line":50,"column":37}},"27":{"start":{"line":55,"column":4},"end":{"line":55,"column":19}},"28":{"start":{"line":56,"column":4},"end":{"line":56,"column":40}},"29":{"start":{"line":57,"column":4},"end":{"line":57,"column":44}},"30":{"start":{"line":60,"column":2},"end":{"line":64,"column":4}}},"fnMap":{"0":{"name":"App","decl":{"start":{"line":8,"column":24},"end":{"line":8,"column":27}},"loc":{"start":{"line":8,"column":30},"end":{"line":65,"column":1}},"line":8},"1":{"name":"(anonymous_1)","decl":{"start":{"line":12,"column":12},"end":{"line":12,"column":13}},"loc":{"start":{"line":12,"column":18},"end":{"line":27,"column":3}},"line":12},"2":{"name":"getUser","decl":{"start":{"line":13,"column":19},"end":{"line":13,"column":26}},"loc":{"start":{"line":13,"column":29},"end":{"line":25,"column":5}},"line":13},"3":{"name":"signup","decl":{"start":{"line":29,"column":17},"end":{"line":29,"column":23}},"loc":{"start":{"line":29,"column":34},"end":{"line":39,"column":3}},"line":29},"4":{"name":"login","decl":{"start":{"line":41,"column":17},"end":{"line":41,"column":22}},"loc":{"start":{"line":41,"column":33},"end":{"line":52,"column":3}},"line":41},"5":{"name":"logout","decl":{"start":{"line":54,"column":17},"end":{"line":54,"column":23}},"loc":{"start":{"line":54,"column":26},"end":{"line":58,"column":3}},"line":54}},"branchMap":{"0":{"loc":{"start":{"line":26,"column":4},"end":{"line":26,"column":25}},"type":"if","locations":[{"start":{"line":26,"column":4},"end":{"line":26,"column":25}},{"start":{"line":26,"column":4},"end":{"line":26,"column":25}}],"line":26}},"s":{"0":1,"1":1,"2":1,"3":0,"4":0,"5":0,"6":0,"7":0,"8":0,"9":0,"10":1,"11":0,"12":0,"13":0,"14":0,"15":0,"16":0,"17":0,"18":0,"19":0,"20":0,"21":0,"22":0,"23":0,"24":0,"25":0,"26":0,"27":0,"28":0,"29":0,"30":1},"f":{"0":1,"1":1,"2":0,"3":0,"4":0,"5":0},"b":{"0":[0,1]},"_coverageSchema":"1a1c01bbd47fc00a2c39e90264f33305004495a9","hash":"f128e1208be110e15004909ff1b755fe15cbb6fa"}
,"/home/jw/Programs/SpringBoard/second_capstone/reactFrontend/src/testUtils.js": {"path":"/home/jw/Programs/SpringBoard/second_capstone/reactFrontend/src/testUtils.js","statementMap":{"0":{"start":{"line":8,"column":14},"end":{"line":11,"column":28}},"1":{"start":{"line":13,"column":17},"end":{"line":18,"column":1}},"2":{"start":{"line":21,"column":4},"end":{"line":24,"column":16}},"3":{"start":{"line":22,"column":5},"end":{"line":24,"column":15}}},"fnMap":{"0":{"name":"(anonymous_0)","decl":{"start":{"line":21,"column":4},"end":{"line":21,"column":5}},"loc":{"start":{"line":22,"column":5},"end":{"line":24,"column":15}},"line":22}},"branchMap":{},"s":{"0":2,"1":2,"2":2,"3":3},"f":{"0":3},"b":{},"_coverageSchema":"1a1c01bbd47fc00a2c39e90264f33305004495a9","hash":"c9a810fe3828b3ae1314ddbd15e64fd197b84ffc"}
,"/home/jw/Programs/SpringBoard/second_capstone/reactFrontend/src/auth/Login.js": {"path":"/home/jw/Programs/SpringBoard/second_capstone/reactFrontend/src/auth/Login.js","statementMap":{"0":{"start":{"line":13,"column":18},"end":{"line":13,"column":30}},"1":{"start":{"line":14,"column":19},"end":{"line":14,"column":32}},"2":{"start":{"line":15,"column":2},"end":{"line":15,"column":31}},"3":{"start":{"line":17,"column":34},"end":{"line":20,"column":4}},"4":{"start":{"line":21,"column":30},"end":{"line":21,"column":42}},"5":{"start":{"line":24,"column":4},"end":{"line":24,"column":25}},"6":{"start":{"line":26,"column":16},"end":{"line":26,"column":37}},"7":{"start":{"line":27,"column":4},"end":{"line":32,"column":33}},"8":{"start":{"line":29,"column":6},"end":{"line":29,"column":67}},"9":{"start":{"line":30,"column":6},"end":{"line":30,"column":27}},"10":{"start":{"line":32,"column":11},"end":{"line":32,"column":33}},"11":{"start":{"line":37,"column":28},"end":{"line":37,"column":38}},"12":{"start":{"line":38,"column":4},"end":{"line":38,"column":54}},"13":{"start":{"line":38,"column":25},"end":{"line":38,"column":51}},"14":{"start":{"line":40,"column":2},"end":{"line":71,"column":4}}},"fnMap":{"0":{"name":"LoginForm","decl":{"start":{"line":12,"column":9},"end":{"line":12,"column":18}},"loc":{"start":{"line":12,"column":30},"end":{"line":72,"column":1}},"line":12},"1":{"name":"handleSubmit","decl":{"start":{"line":23,"column":17},"end":{"line":23,"column":29}},"loc":{"start":{"line":23,"column":35},"end":{"line":33,"column":3}},"line":23},"2":{"name":"handleChange","decl":{"start":{"line":36,"column":11},"end":{"line":36,"column":23}},"loc":{"start":{"line":36,"column":29},"end":{"line":39,"column":3}},"line":36},"3":{"name":"(anonymous_3)","decl":{"start":{"line":38,"column":16},"end":{"line":38,"column":17}},"loc":{"start":{"line":38,"column":25},"end":{"line":38,"column":51}},"line":38}},"branchMap":{"0":{"loc":{"start":{"line":27,"column":4},"end":{"line":32,"column":33}},"type":"if","locations":[{"start":{"line":27,"column":4},"end":{"line":32,"column":33}},{"start":{"line":27,"column":4},"end":{"line":32,"column":33}}],"line":27},"1":{"loc":{"start":{"line":67,"column":11},"end":{"line":67,"column":70}},"type":"cond-expr","locations":[{"start":{"line":67,"column":27},"end":{"line":67,"column":65}},{"start":{"line":67,"column":66},"end":{"line":67,"column":70}}],"line":67}},"s":{"0":0,"1":0,"2":0,"3":0,"4":0,"5":0,"6":0,"7":0,"8":0,"9":0,"10":0,"11":0,"12":0,"13":0,"14":0},"f":{"0":0,"1":0,"2":0,"3":0},"b":{"0":[0,0],"1":[0,0]},"_coverageSchema":"1a1c01bbd47fc00a2c39e90264f33305004495a9","hash":"2471eb00f5f83b901657dda387329517645db0d4"}
,"/home/jw/Programs/SpringBoard/second_capstone/reactFrontend/src/auth/Signup.js": {"path":"/home/jw/Programs/SpringBoard/second_capstone/reactFrontend/src/auth/Signup.js","statementMap":{"0":{"start":{"line":14,"column":18},"end":{"line":14,"column":30}},"1":{"start":{"line":15,"column":19},"end":{"line":15,"column":32}},"2":{"start":{"line":16,"column":2},"end":{"line":16,"column":32}},"3":{"start":{"line":18,"column":34},"end":{"line":23,"column":4}},"4":{"start":{"line":24,"column":30},"end":{"line":24,"column":42}},"5":{"start":{"line":27,"column":4},"end":{"line":27,"column":25}},"6":{"start":{"line":29,"column":16},"end":{"line":29,"column":38}},"7":{"start":{"line":31,"column":4},"end":{"line":35,"column":33}},"8":{"start":{"line":33,"column":6},"end":{"line":33,"column":69}},"9":{"start":{"line":34,"column":6},"end":{"line":34,"column":28}},"10":{"start":{"line":35,"column":11},"end":{"line":35,"column":33}},"11":{"start":{"line":40,"column":28},"end":{"line":40,"column":38}},"12":{"start":{"line":41,"column":4},"end":{"line":41,"column":54}},"13":{"start":{"line":41,"column":25},"end":{"line":41,"column":51}},"14":{"start":{"line":44,"column":2},"end":{"line":92,"column":4}},"15":{"start":{"line":88,"column":32},"end":{"line":88,"column":81}}},"fnMap":{"0":{"name":"Signup","decl":{"start":{"line":13,"column":24},"end":{"line":13,"column":30}},"loc":{"start":{"line":13,"column":43},"end":{"line":93,"column":1}},"line":13},"1":{"name":"handleSubmit","decl":{"start":{"line":26,"column":17},"end":{"line":26,"column":29}},"loc":{"start":{"line":26,"column":35},"end":{"line":36,"column":3}},"line":26},"2":{"name":"handleChange","decl":{"start":{"line":39,"column":11},"end":{"line":39,"column":23}},"loc":{"start":{"line":39,"column":29},"end":{"line":42,"column":3}},"line":39},"3":{"name":"(anonymous_3)","decl":{"start":{"line":41,"column":16},"end":{"line":41,"column":17}},"loc":{"start":{"line":41,"column":25},"end":{"line":41,"column":51}},"line":41},"4":{"name":"(anonymous_4)","decl":{"start":{"line":88,"column":23},"end":{"line":88,"column":24}},"loc":{"start":{"line":88,"column":32},"end":{"line":88,"column":81}},"line":88}},"branchMap":{"0":{"loc":{"start":{"line":31,"column":4},"end":{"line":35,"column":33}},"type":"if","locations":[{"start":{"line":31,"column":4},"end":{"line":35,"column":33}},{"start":{"line":31,"column":4},"end":{"line":35,"column":33}}],"line":31},"1":{"loc":{"start":{"line":87,"column":13},"end":{"line":88,"column":82}},"type":"binary-expr","locations":[{"start":{"line":87,"column":13},"end":{"line":87,"column":30}},{"start":{"line":88,"column":12},"end":{"line":88,"column":82}}],"line":87}},"s":{"0":0,"1":0,"2":0,"3":0,"4":0,"5":0,"6":0,"7":0,"8":0,"9":0,"10":0,"11":0,"12":0,"13":0,"14":0,"15":0},"f":{"0":0,"1":0,"2":0,"3":0,"4":0},"b":{"0":[0,0],"1":[0,0]},"_coverageSchema":"1a1c01bbd47fc00a2c39e90264f33305004495a9","hash":"71973a194272b9971088a81ca9e618407b102681"}
,"/home/jw/Programs/SpringBoard/second_capstone/reactFrontend/src/common/Api.js": {"path":"/home/jw/Programs/SpringBoard/second_capstone/reactFrontend/src/common/Api.js","statementMap":{"0":{"start":{"line":3,"column":17},"end":{"line":3,"column":40}},"1":{"start":{"line":19,"column":4},"end":{"line":19,"column":55}},"2":{"start":{"line":23,"column":16},"end":{"line":23,"column":41}},"3":{"start":{"line":24,"column":20},"end":{"line":24,"column":64}},"4":{"start":{"line":25,"column":19},"end":{"line":27,"column":12}},"5":{"start":{"line":29,"column":4},"end":{"line":36,"column":5}},"6":{"start":{"line":30,"column":6},"end":{"line":30,"column":22}},"7":{"start":{"line":31,"column":6},"end":{"line":31,"column":72}},"8":{"start":{"line":33,"column":6},"end":{"line":33,"column":48}},"9":{"start":{"line":34,"column":20},"end":{"line":34,"column":51}},"10":{"start":{"line":35,"column":6},"end":{"line":35,"column":57}},"11":{"start":{"line":42,"column":14},"end":{"line":42,"column":63}},"12":{"start":{"line":43,"column":4},"end":{"line":43,"column":21}},"13":{"start":{"line":47,"column":14},"end":{"line":47,"column":60}},"14":{"start":{"line":48,"column":4},"end":{"line":48,"column":21}},"15":{"start":{"line":52,"column":14},"end":{"line":52,"column":50}},"16":{"start":{"line":53,"column":4},"end":{"line":53,"column":20}},"17":{"start":{"line":57,"column":14},"end":{"line":57,"column":64}},"18":{"start":{"line":58,"column":4},"end":{"line":58,"column":15}},"19":{"start":{"line":62,"column":14},"end":{"line":62,"column":64}},"20":{"start":{"line":63,"column":4},"end":{"line":63,"column":15}},"21":{"start":{"line":67,"column":4},"end":{"line":67,"column":35}},"22":{"start":{"line":68,"column":14},"end":{"line":68,"column":81}},"23":{"start":{"line":69,"column":4},"end":{"line":69,"column":15}},"24":{"start":{"line":73,"column":14},"end":{"line":73,"column":69}},"25":{"start":{"line":74,"column":4},"end":{"line":74,"column":15}},"26":{"start":{"line":78,"column":14},"end":{"line":78,"column":50}},"27":{"start":{"line":79,"column":4},"end":{"line":79,"column":15}},"28":{"start":{"line":83,"column":14},"end":{"line":83,"column":53}},"29":{"start":{"line":84,"column":4},"end":{"line":84,"column":15}}},"fnMap":{"0":{"name":"(anonymous_0)","decl":{"start":{"line":18,"column":2},"end":{"line":18,"column":3}},"loc":{"start":{"line":18,"column":60},"end":{"line":37,"column":3}},"line":18},"1":{"name":"(anonymous_1)","decl":{"start":{"line":41,"column":2},"end":{"line":41,"column":3}},"loc":{"start":{"line":41,"column":28},"end":{"line":44,"column":3}},"line":41},"2":{"name":"(anonymous_2)","decl":{"start":{"line":46,"column":2},"end":{"line":46,"column":3}},"loc":{"start":{"line":46,"column":27},"end":{"line":49,"column":3}},"line":46},"3":{"name":"(anonymous_3)","decl":{"start":{"line":51,"column":2},"end":{"line":51,"column":3}},"loc":{"start":{"line":51,"column":34},"end":{"line":54,"column":3}},"line":51},"4":{"name":"(anonymous_4)","decl":{"start":{"line":56,"column":2},"end":{"line":56,"column":3}},"loc":{"start":{"line":56,"column":36},"end":{"line":59,"column":3}},"line":56},"5":{"name":"(anonymous_5)","decl":{"start":{"line":61,"column":2},"end":{"line":61,"column":3}},"loc":{"start":{"line":61,"column":34},"end":{"line":64,"column":3}},"line":61},"6":{"name":"(anonymous_6)","decl":{"start":{"line":66,"column":2},"end":{"line":66,"column":3}},"loc":{"start":{"line":66,"column":37},"end":{"line":70,"column":3}},"line":66},"7":{"name":"(anonymous_7)","decl":{"start":{"line":72,"column":2},"end":{"line":72,"column":3}},"loc":{"start":{"line":72,"column":38},"end":{"line":75,"column":3}},"line":72},"8":{"name":"(anonymous_8)","decl":{"start":{"line":77,"column":2},"end":{"line":77,"column":3}},"loc":{"start":{"line":77,"column":37},"end":{"line":80,"column":3}},"line":77},"9":{"name":"(anonymous_9)","decl":{"start":{"line":82,"column":2},"end":{"line":82,"column":3}},"loc":{"start":{"line":82,"column":37},"end":{"line":85,"column":3}},"line":82}},"branchMap":{"0":{"loc":{"start":{"line":18,"column":33},"end":{"line":18,"column":42}},"type":"default-arg","locations":[{"start":{"line":18,"column":40},"end":{"line":18,"column":42}}],"line":18},"1":{"loc":{"start":{"line":18,"column":44},"end":{"line":18,"column":58}},"type":"default-arg","locations":[{"start":{"line":18,"column":53},"end":{"line":18,"column":58}}],"line":18},"2":{"loc":{"start":{"line":25,"column":19},"end":{"line":27,"column":12}},"type":"cond-expr","locations":[{"start":{"line":26,"column":10},"end":{"line":26,"column":14}},{"start":{"line":27,"column":10},"end":{"line":27,"column":12}}],"line":25},"3":{"loc":{"start":{"line":35,"column":12},"end":{"line":35,"column":56}},"type":"cond-expr","locations":[{"start":{"line":35,"column":37},"end":{"line":35,"column":44}},{"start":{"line":35,"column":47},"end":{"line":35,"column":56}}],"line":35}},"s":{"0":2,"1":0,"2":0,"3":0,"4":0,"5":0,"6":0,"7":0,"8":0,"9":0,"10":0,"11":0,"12":0,"13":0,"14":0,"15":0,"16":0,"17":0,"18":0,"19":0,"20":0,"21":0,"22":0,"23":0,"24":0,"25":0,"26":0,"27":0,"28":0,"29":0},"f":{"0":0,"1":0,"2":0,"3":0,"4":0,"5":0,"6":0,"7":0,"8":0,"9":0},"b":{"0":[0],"1":[0],"2":[0,0],"3":[0,0]},"_coverageSchema":"1a1c01bbd47fc00a2c39e90264f33305004495a9","hash":"f122384abd57583f4187c931f3fe9ccf88b24871"}
,"/home/jw/Programs/SpringBoard/second_capstone/reactFrontend/src/common/HomeItem.js": {"path":"/home/jw/Programs/SpringBoard/second_capstone/reactFrontend/src/common/HomeItem.js","statementMap":{"0":{"start":{"line":6,"column":16},"end":{"line":22,"column":3}},"1":{"start":{"line":24,"column":15},"end":{"line":24,"column":45}},"2":{"start":{"line":25,"column":2},"end":{"line":56,"column":4}}},"fnMap":{"0":{"name":"HomeItem","decl":{"start":{"line":5,"column":24},"end":{"line":5,"column":32}},"loc":{"start":{"line":5,"column":40},"end":{"line":57,"column":1}},"line":5}},"branchMap":{"0":{"loc":{"start":{"line":51,"column":13},"end":{"line":51,"column":77}},"type":"binary-expr","locations":[{"start":{"line":51,"column":13},"end":{"line":51,"column":32}},{"start":{"line":51,"column":36},"end":{"line":51,"column":77}}],"line":51}},"s":{"0":0,"1":0,"2":0},"f":{"0":0},"b":{"0":[0,0]},"_coverageSchema":"1a1c01bbd47fc00a2c39e90264f33305004495a9","hash":"248f3a5b3a85bf01114e35472914053858461699"}
,"/home/jw/Programs/SpringBoard/second_capstone/reactFrontend/src/common/Nav.js": {"path":"/home/jw/Programs/SpringBoard/second_capstone/reactFrontend/src/common/Nav.js","statementMap":{"0":{"start":{"line":10,"column":18},"end":{"line":15,"column":3}},"1":{"start":{"line":10,"column":41},"end":{"line":15,"column":1}},"2":{"start":{"line":21,"column":18},"end":{"line":21,"column":29}},"3":{"start":{"line":22,"column":15},"end":{"line":22,"column":45}},"4":{"start":{"line":22,"column":33},"end":{"line":22,"column":44}},"5":{"start":{"line":24,"column":19},"end":{"line":33,"column":3}},"6":{"start":{"line":25,"column":4},"end":{"line":32,"column":5}},"7":{"start":{"line":35,"column":19},"end":{"line":42,"column":3}},"8":{"start":{"line":36,"column":4},"end":{"line":41,"column":5}},"9":{"start":{"line":44,"column":2},"end":{"line":65,"column":4}}},"fnMap":{"0":{"name":"(anonymous_0)","decl":{"start":{"line":10,"column":29},"end":{"line":10,"column":30}},"loc":{"start":{"line":10,"column":41},"end":{"line":15,"column":1}},"line":10},"1":{"name":"Navigation","decl":{"start":{"line":20,"column":24},"end":{"line":20,"column":34}},"loc":{"start":{"line":20,"column":45},"end":{"line":66,"column":1}},"line":20},"2":{"name":"(anonymous_2)","decl":{"start":{"line":22,"column":27},"end":{"line":22,"column":28}},"loc":{"start":{"line":22,"column":33},"end":{"line":22,"column":44}},"line":22},"3":{"name":"(anonymous_3)","decl":{"start":{"line":24,"column":19},"end":{"line":24,"column":20}},"loc":{"start":{"line":24,"column":25},"end":{"line":33,"column":3}},"line":24},"4":{"name":"(anonymous_4)","decl":{"start":{"line":35,"column":19},"end":{"line":35,"column":20}},"loc":{"start":{"line":35,"column":25},"end":{"line":42,"column":3}},"line":35}},"branchMap":{"0":{"loc":{"start":{"line":48,"column":11},"end":{"line":58,"column":17}},"type":"cond-expr","locations":[{"start":{"line":49,"column":10},"end":{"line":53,"column":17}},{"start":{"line":54,"column":10},"end":{"line":58,"column":17}}],"line":48},"1":{"loc":{"start":{"line":60,"column":13},"end":{"line":60,"column":54}},"type":"cond-expr","locations":[{"start":{"line":60,"column":31},"end":{"line":60,"column":41}},{"start":{"line":60,"column":44},"end":{"line":60,"column":54}}],"line":60}},"s":{"0":2,"1":3,"2":3,"3":3,"4":6,"5":3,"6":0,"7":3,"8":3,"9":3},"f":{"0":3,"1":3,"2":6,"3":0,"4":3},"b":{"0":[0,3],"1":[0,3]},"_coverageSchema":"1a1c01bbd47fc00a2c39e90264f33305004495a9","hash":"d6dd2c3167f8aa38736b645c2da09e65c994fad1"}
,"/home/jw/Programs/SpringBoard/second_capstone/reactFrontend/src/common/Routes.js": {"path":"/home/jw/Programs/SpringBoard/second_capstone/reactFrontend/src/common/Routes.js","statementMap":{"0":{"start":{"line":18,"column":15},"end":{"line":18,"column":45}},"1":{"start":{"line":18,"column":33},"end":{"line":18,"column":44}},"2":{"start":{"line":19,"column":2},"end":{"line":19,"column":19}},"3":{"start":{"line":22,"column":4},"end":{"line":42,"column":13}},"4":{"start":{"line":32,"column":45},"end":{"line":32,"column":63}},"5":{"start":{"line":46,"column":4},"end":{"line":62,"column":13}},"6":{"start":{"line":65,"column":2},"end":{"line":72,"column":4}}},"fnMap":{"0":{"name":"Routes","decl":{"start":{"line":17,"column":24},"end":{"line":17,"column":30}},"loc":{"start":{"line":17,"column":56},"end":{"line":73,"column":1}},"line":17},"1":{"name":"(anonymous_1)","decl":{"start":{"line":18,"column":27},"end":{"line":18,"column":28}},"loc":{"start":{"line":18,"column":33},"end":{"line":18,"column":44}},"line":18},"2":{"name":"(anonymous_2)","decl":{"start":{"line":32,"column":34},"end":{"line":32,"column":35}},"loc":{"start":{"line":32,"column":45},"end":{"line":32,"column":63}},"line":32}},"branchMap":{"0":{"loc":{"start":{"line":69,"column":9},"end":{"line":69,"column":59}},"type":"cond-expr","locations":[{"start":{"line":69,"column":29},"end":{"line":69,"column":42}},{"start":{"line":69,"column":45},"end":{"line":69,"column":59}}],"line":69}},"s":{"0":3,"1":6,"2":3,"3":3,"4":0,"5":3,"6":3},"f":{"0":3,"1":6,"2":0},"b":{"0":[0,3]},"_coverageSchema":"1a1c01bbd47fc00a2c39e90264f33305004495a9","hash":"909f7226f9c0ba8a17d59f19b5bce09e01156a06"}
,"/home/jw/Programs/SpringBoard/second_capstone/reactFrontend/src/home/AllTime.js": {"path":"/home/jw/Programs/SpringBoard/second_capstone/reactFrontend/src/home/AllTime.js","statementMap":{"0":{"start":{"line":8,"column":30},"end":{"line":8,"column":42}},"1":{"start":{"line":9,"column":32},"end":{"line":9,"column":44}},"2":{"start":{"line":10,"column":36},"end":{"line":10,"column":48}},"3":{"start":{"line":11,"column":24},"end":{"line":11,"column":38}},"4":{"start":{"line":12,"column":32},"end":{"line":12,"column":47}},"5":{"start":{"line":14,"column":2},"end":{"line":35,"column":8}},"6":{"start":{"line":16,"column":6},"end":{"line":22,"column":7}},"7":{"start":{"line":17,"column":28},"end":{"line":17,"column":67}},"8":{"start":{"line":18,"column":8},"end":{"line":18,"column":45}},"9":{"start":{"line":19,"column":8},"end":{"line":19,"column":40}},"10":{"start":{"line":21,"column":8},"end":{"line":21,"column":69}},"11":{"start":{"line":24,"column":4},"end":{"line":24,"column":21}},"12":{"start":{"line":25,"column":4},"end":{"line":32,"column":6}},"13":{"start":{"line":25,"column":24},"end":{"line":32,"column":6}},"14":{"start":{"line":27,"column":6},"end":{"line":31,"column":8}},"15":{"start":{"line":28,"column":8},"end":{"line":28,"column":48}},"16":{"start":{"line":28,"column":27},"end":{"line":28,"column":47}},"17":{"start":{"line":29,"column":8},"end":{"line":29,"column":59}},"18":{"start":{"line":29,"column":30},"end":{"line":29,"column":58}},"19":{"start":{"line":30,"column":8},"end":{"line":30,"column":54}},"20":{"start":{"line":30,"column":31},"end":{"line":30,"column":53}},"21":{"start":{"line":34,"column":4},"end":{"line":34,"column":22}},"22":{"start":{"line":37,"column":19},"end":{"line":48,"column":3}},"23":{"start":{"line":50,"column":21},"end":{"line":61,"column":3}},"24":{"start":{"line":63,"column":2},"end":{"line":89,"column":3}},"25":{"start":{"line":86,"column":24},"end":{"line":86,"column":36}}},"fnMap":{"0":{"name":"AllTime","decl":{"start":{"line":7,"column":35},"end":{"line":7,"column":42}},"loc":{"start":{"line":7,"column":45},"end":{"line":90,"column":1}},"line":7},"1":{"name":"(anonymous_1)","decl":{"start":{"line":14,"column":12},"end":{"line":14,"column":13}},"loc":{"start":{"line":14,"column":18},"end":{"line":35,"column":3}},"line":14},"2":{"name":"getAllTime","decl":{"start":{"line":15,"column":19},"end":{"line":15,"column":29}},"loc":{"start":{"line":15,"column":32},"end":{"line":23,"column":5}},"line":15},"3":{"name":"(anonymous_3)","decl":{"start":{"line":26,"column":10},"end":{"line":26,"column":11}},"loc":{"start":{"line":26,"column":21},"end":{"line":32,"column":5}},"line":26},"4":{"name":"(anonymous_4)","decl":{"start":{"line":27,"column":22},"end":{"line":27,"column":23}},"loc":{"start":{"line":27,"column":29},"end":{"line":31,"column":7}},"line":27},"5":{"name":"(anonymous_5)","decl":{"start":{"line":28,"column":18},"end":{"line":28,"column":19}},"loc":{"start":{"line":28,"column":27},"end":{"line":28,"column":47}},"line":28},"6":{"name":"(anonymous_6)","decl":{"start":{"line":29,"column":19},"end":{"line":29,"column":20}},"loc":{"start":{"line":29,"column":30},"end":{"line":29,"column":58}},"line":29},"7":{"name":"(anonymous_7)","decl":{"start":{"line":30,"column":21},"end":{"line":30,"column":22}},"loc":{"start":{"line":30,"column":31},"end":{"line":30,"column":53}},"line":30},"8":{"name":"(anonymous_8)","decl":{"start":{"line":86,"column":18},"end":{"line":86,"column":19}},"loc":{"start":{"line":86,"column":24},"end":{"line":86,"column":36}},"line":86}},"branchMap":{"0":{"loc":{"start":{"line":25,"column":4},"end":{"line":32,"column":6}},"type":"if","locations":[{"start":{"line":25,"column":4},"end":{"line":32,"column":6}},{"start":{"line":25,"column":4},"end":{"line":32,"column":6}}],"line":25},"1":{"loc":{"start":{"line":65,"column":7},"end":{"line":65,"column":55}},"type":"binary-expr","locations":[{"start":{"line":65,"column":7},"end":{"line":65,"column":14}},{"start":{"line":65,"column":18},"end":{"line":65,"column":55}}],"line":65},"2":{"loc":{"start":{"line":66,"column":7},"end":{"line":87,"column":9}},"type":"binary-expr","locations":[{"start":{"line":66,"column":7},"end":{"line":66,"column":15}},{"start":{"line":67,"column":6},"end":{"line":87,"column":9}}],"line":66},"3":{"loc":{"start":{"line":70,"column":16},"end":{"line":70,"column":45}},"type":"cond-expr","locations":[{"start":{"line":70,"column":24},"end":{"line":70,"column":34}},{"start":{"line":70,"column":37},"end":{"line":70,"column":45}}],"line":70}},"s":{"0":0,"1":0,"2":0,"3":0,"4":0,"5":0,"6":0,"7":0,"8":0,"9":0,"10":0,"11":0,"12":0,"13":0,"14":0,"15":0,"16":0,"17":0,"18":0,"19":0,"20":0,"21":0,"22":0,"23":0,"24":0,"25":0},"f":{"0":0,"1":0,"2":0,"3":0,"4":0,"5":0,"6":0,"7":0,"8":0},"b":{"0":[0,0],"1":[0,0],"2":[0,0],"3":[0,0]},"_coverageSchema":"1a1c01bbd47fc00a2c39e90264f33305004495a9","hash":"3a13519b33060064e5c307e1bcce97dddfb3d102"}
,"/home/jw/Programs/SpringBoard/second_capstone/reactFrontend/src/home/History.js": {"path":"/home/jw/Programs/SpringBoard/second_capstone/reactFrontend/src/home/History.js","statementMap":{"0":{"start":{"line":7,"column":46},"end":{"line":7,"column":58}},"1":{"start":{"line":9,"column":2},"end":{"line":20,"column":8}},"2":{"start":{"line":11,"column":6},"end":{"line":17,"column":7}},"3":{"start":{"line":12,"column":8},"end":{"line":12,"column":39}},"4":{"start":{"line":13,"column":28},"end":{"line":13,"column":63}},"5":{"start":{"line":14,"column":8},"end":{"line":14,"column":52}},"6":{"start":{"line":16,"column":8},"end":{"line":16,"column":69}},"7":{"start":{"line":19,"column":4},"end":{"line":19,"column":17}},"8":{"start":{"line":22,"column":23},"end":{"line":24,"column":4}},"9":{"start":{"line":23,"column":4},"end":{"line":23,"column":49}},"10":{"start":{"line":26,"column":2},"end":{"line":30,"column":3}}},"fnMap":{"0":{"name":"History","decl":{"start":{"line":6,"column":24},"end":{"line":6,"column":31}},"loc":{"start":{"line":6,"column":34},"end":{"line":31,"column":1}},"line":6},"1":{"name":"(anonymous_1)","decl":{"start":{"line":9,"column":12},"end":{"line":9,"column":13}},"loc":{"start":{"line":9,"column":18},"end":{"line":20,"column":3}},"line":9},"2":{"name":"getHistory","decl":{"start":{"line":10,"column":19},"end":{"line":10,"column":29}},"loc":{"start":{"line":10,"column":32},"end":{"line":18,"column":5}},"line":10},"3":{"name":"(anonymous_3)","decl":{"start":{"line":22,"column":42},"end":{"line":22,"column":43}},"loc":{"start":{"line":22,"column":49},"end":{"line":24,"column":3}},"line":22}},"branchMap":{},"s":{"0":0,"1":0,"2":0,"3":0,"4":0,"5":0,"6":0,"7":0,"8":0,"9":0,"10":0},"f":{"0":0,"1":0,"2":0,"3":0},"b":{},"_coverageSchema":"1a1c01bbd47fc00a2c39e90264f33305004495a9","hash":"c2e6202ea45cdd255c1630673e4717360510268f"}
,"/home/jw/Programs/SpringBoard/second_capstone/reactFrontend/src/home/Home.js": {"path":"/home/jw/Programs/SpringBoard/second_capstone/reactFrontend/src/home/Home.js","statementMap":{"0":{"start":{"line":20,"column":15},"end":{"line":20,"column":45}},"1":{"start":{"line":20,"column":33},"end":{"line":20,"column":44}},"2":{"start":{"line":21,"column":18},"end":{"line":21,"column":52}},"3":{"start":{"line":21,"column":36},"end":{"line":21,"column":51}},"4":{"start":{"line":22,"column":19},"end":{"line":22,"column":32}},"5":{"start":{"line":23,"column":26},"end":{"line":23,"column":41}},"6":{"start":{"line":24,"column":26},"end":{"line":24,"column":45}},"7":{"start":{"line":27,"column":2},"end":{"line":30,"column":3}},"8":{"start":{"line":28,"column":4},"end":{"line":28,"column":18}},"9":{"start":{"line":29,"column":4},"end":{"line":29,"column":58}},"10":{"start":{"line":32,"column":23},"end":{"line":35,"column":3}},"11":{"start":{"line":33,"column":4},"end":{"line":33,"column":22}},"12":{"start":{"line":34,"column":4},"end":{"line":34,"column":25}},"13":{"start":{"line":37,"column":22},"end":{"line":39,"column":3}},"14":{"start":{"line":38,"column":4},"end":{"line":38,"column":18}},"15":{"start":{"line":41,"column":21},"end":{"line":49,"column":3}},"16":{"start":{"line":42,"column":4},"end":{"line":48,"column":5}},"17":{"start":{"line":43,"column":6},"end":{"line":43,"column":25}},"18":{"start":{"line":44,"column":11},"end":{"line":48,"column":5}},"19":{"start":{"line":45,"column":6},"end":{"line":45,"column":21}},"20":{"start":{"line":47,"column":6},"end":{"line":47,"column":25}},"21":{"start":{"line":51,"column":2},"end":{"line":93,"column":4}}},"fnMap":{"0":{"name":"Home","decl":{"start":{"line":19,"column":35},"end":{"line":19,"column":39}},"loc":{"start":{"line":19,"column":42},"end":{"line":94,"column":1}},"line":19},"1":{"name":"(anonymous_1)","decl":{"start":{"line":20,"column":27},"end":{"line":20,"column":28}},"loc":{"start":{"line":20,"column":33},"end":{"line":20,"column":44}},"line":20},"2":{"name":"(anonymous_2)","decl":{"start":{"line":21,"column":30},"end":{"line":21,"column":31}},"loc":{"start":{"line":21,"column":36},"end":{"line":21,"column":51}},"line":21},"3":{"name":"(anonymous_3)","decl":{"start":{"line":32,"column":23},"end":{"line":32,"column":24}},"loc":{"start":{"line":32,"column":44},"end":{"line":35,"column":3}},"line":32},"4":{"name":"(anonymous_4)","decl":{"start":{"line":37,"column":22},"end":{"line":37,"column":23}},"loc":{"start":{"line":37,"column":28},"end":{"line":39,"column":3}},"line":37},"5":{"name":"(anonymous_5)","decl":{"start":{"line":41,"column":21},"end":{"line":41,"column":22}},"loc":{"start":{"line":41,"column":27},"end":{"line":49,"column":3}},"line":41}},"branchMap":{"0":{"loc":{"start":{"line":27,"column":2},"end":{"line":30,"column":3}},"type":"if","locations":[{"start":{"line":27,"column":2},"end":{"line":30,"column":3}},{"start":{"line":27,"column":2},"end":{"line":30,"column":3}}],"line":27},"1":{"loc":{"start":{"line":27,"column":6},"end":{"line":27,"column":52}},"type":"binary-expr","locations":[{"start":{"line":27,"column":6},"end":{"line":27,"column":26}},{"start":{"line":27,"column":30},"end":{"line":27,"column":52}}],"line":27},"2":{"loc":{"start":{"line":42,"column":4},"end":{"line":48,"column":5}},"type":"if","locations":[{"start":{"line":42,"column":4},"end":{"line":48,"column":5}},{"start":{"line":42,"column":4},"end":{"line":48,"column":5}}],"line":42},"3":{"loc":{"start":{"line":44,"column":11},"end":{"line":48,"column":5}},"type":"if","locations":[{"start":{"line":44,"column":11},"end":{"line":48,"column":5}},{"start":{"line":44,"column":11},"end":{"line":48,"column":5}}],"line":44}},"s":{"0":0,"1":0,"2":0,"3":0,"4":0,"5":0,"6":0,"7":0,"8":0,"9":0,"10":0,"11":0,"12":0,"13":0,"14":0,"15":0,"16":0,"17":0,"18":0,"19":0,"20":0,"21":0},"f":{"0":0,"1":0,"2":0,"3":0,"4":0,"5":0},"b":{"0":[0,0],"1":[0,0],"2":[0,0],"3":[0,0]},"_coverageSchema":"1a1c01bbd47fc00a2c39e90264f33305004495a9","hash":"ccae2abc9b23f5dc85735878c2b0b8476b043864"}
,"/home/jw/Programs/SpringBoard/second_capstone/reactFrontend/src/home/Hot.js": {"path":"/home/jw/Programs/SpringBoard/second_capstone/reactFrontend/src/home/Hot.js","statementMap":{"0":{"start":{"line":8,"column":30},"end":{"line":8,"column":42}},"1":{"start":{"line":9,"column":32},"end":{"line":9,"column":44}},"2":{"start":{"line":10,"column":36},"end":{"line":10,"column":48}},"3":{"start":{"line":11,"column":24},"end":{"line":11,"column":38}},"4":{"start":{"line":12,"column":32},"end":{"line":12,"column":47}},"5":{"start":{"line":14,"column":2},"end":{"line":35,"column":8}},"6":{"start":{"line":16,"column":6},"end":{"line":22,"column":7}},"7":{"start":{"line":17,"column":28},"end":{"line":17,"column":63}},"8":{"start":{"line":18,"column":8},"end":{"line":18,"column":45}},"9":{"start":{"line":19,"column":8},"end":{"line":19,"column":40}},"10":{"start":{"line":21,"column":8},"end":{"line":21,"column":69}},"11":{"start":{"line":24,"column":4},"end":{"line":24,"column":21}},"12":{"start":{"line":25,"column":4},"end":{"line":32,"column":6}},"13":{"start":{"line":25,"column":24},"end":{"line":32,"column":6}},"14":{"start":{"line":27,"column":6},"end":{"line":31,"column":8}},"15":{"start":{"line":28,"column":8},"end":{"line":28,"column":48}},"16":{"start":{"line":28,"column":27},"end":{"line":28,"column":47}},"17":{"start":{"line":29,"column":8},"end":{"line":29,"column":59}},"18":{"start":{"line":29,"column":30},"end":{"line":29,"column":58}},"19":{"start":{"line":30,"column":8},"end":{"line":30,"column":54}},"20":{"start":{"line":30,"column":31},"end":{"line":30,"column":53}},"21":{"start":{"line":34,"column":4},"end":{"line":34,"column":22}},"22":{"start":{"line":37,"column":19},"end":{"line":48,"column":3}},"23":{"start":{"line":50,"column":21},"end":{"line":61,"column":3}},"24":{"start":{"line":63,"column":2},"end":{"line":89,"column":3}},"25":{"start":{"line":86,"column":24},"end":{"line":86,"column":36}}},"fnMap":{"0":{"name":"Hot","decl":{"start":{"line":7,"column":35},"end":{"line":7,"column":38}},"loc":{"start":{"line":7,"column":41},"end":{"line":90,"column":1}},"line":7},"1":{"name":"(anonymous_1)","decl":{"start":{"line":14,"column":12},"end":{"line":14,"column":13}},"loc":{"start":{"line":14,"column":18},"end":{"line":35,"column":3}},"line":14},"2":{"name":"getHot","decl":{"start":{"line":15,"column":19},"end":{"line":15,"column":25}},"loc":{"start":{"line":15,"column":28},"end":{"line":23,"column":5}},"line":15},"3":{"name":"(anonymous_3)","decl":{"start":{"line":26,"column":10},"end":{"line":26,"column":11}},"loc":{"start":{"line":26,"column":21},"end":{"line":32,"column":5}},"line":26},"4":{"name":"(anonymous_4)","decl":{"start":{"line":27,"column":22},"end":{"line":27,"column":23}},"loc":{"start":{"line":27,"column":29},"end":{"line":31,"column":7}},"line":27},"5":{"name":"(anonymous_5)","decl":{"start":{"line":28,"column":18},"end":{"line":28,"column":19}},"loc":{"start":{"line":28,"column":27},"end":{"line":28,"column":47}},"line":28},"6":{"name":"(anonymous_6)","decl":{"start":{"line":29,"column":19},"end":{"line":29,"column":20}},"loc":{"start":{"line":29,"column":30},"end":{"line":29,"column":58}},"line":29},"7":{"name":"(anonymous_7)","decl":{"start":{"line":30,"column":21},"end":{"line":30,"column":22}},"loc":{"start":{"line":30,"column":31},"end":{"line":30,"column":53}},"line":30},"8":{"name":"(anonymous_8)","decl":{"start":{"line":86,"column":18},"end":{"line":86,"column":19}},"loc":{"start":{"line":86,"column":24},"end":{"line":86,"column":36}},"line":86}},"branchMap":{"0":{"loc":{"start":{"line":25,"column":4},"end":{"line":32,"column":6}},"type":"if","locations":[{"start":{"line":25,"column":4},"end":{"line":32,"column":6}},{"start":{"line":25,"column":4},"end":{"line":32,"column":6}}],"line":25},"1":{"loc":{"start":{"line":65,"column":7},"end":{"line":65,"column":56}},"type":"binary-expr","locations":[{"start":{"line":65,"column":7},"end":{"line":65,"column":14}},{"start":{"line":65,"column":18},"end":{"line":65,"column":56}}],"line":65},"2":{"loc":{"start":{"line":66,"column":7},"end":{"line":87,"column":9}},"type":"binary-expr","locations":[{"start":{"line":66,"column":7},"end":{"line":66,"column":15}},{"start":{"line":67,"column":6},"end":{"line":87,"column":9}}],"line":66},"3":{"loc":{"start":{"line":70,"column":16},"end":{"line":70,"column":45}},"type":"cond-expr","locations":[{"start":{"line":70,"column":24},"end":{"line":70,"column":34}},{"start":{"line":70,"column":37},"end":{"line":70,"column":45}}],"line":70}},"s":{"0":0,"1":0,"2":0,"3":0,"4":0,"5":0,"6":0,"7":0,"8":0,"9":0,"10":0,"11":0,"12":0,"13":0,"14":0,"15":0,"16":0,"17":0,"18":0,"19":0,"20":0,"21":0,"22":0,"23":0,"24":0,"25":0},"f":{"0":0,"1":0,"2":0,"3":0,"4":0,"5":0,"6":0,"7":0,"8":0},"b":{"0":[0,0],"1":[0,0],"2":[0,0],"3":[0,0]},"_coverageSchema":"1a1c01bbd47fc00a2c39e90264f33305004495a9","hash":"2d1e3a3e2b0f87de0aacf0dc186ad80f621aa177"}
,"/home/jw/Programs/SpringBoard/second_capstone/reactFrontend/src/investigate/Email.js": {"path":"/home/jw/Programs/SpringBoard/second_capstone/reactFrontend/src/investigate/Email.js","statementMap":{"0":{"start":{"line":12,"column":2},"end":{"line":12,"column":34}},"1":{"start":{"line":13,"column":20},"end":{"line":13,"column":56}},"2":{"start":{"line":13,"column":38},"end":{"line":13,"column":55}},"3":{"start":{"line":14,"column":28},"end":{"line":14,"column":40}},"4":{"start":{"line":15,"column":26},"end":{"line":15,"column":38}},"5":{"start":{"line":16,"column":32},"end":{"line":16,"column":47}},"6":{"start":{"line":19,"column":4},"end":{"line":19,"column":25}},"7":{"start":{"line":20,"column":4},"end":{"line":20,"column":21}},"8":{"start":{"line":21,"column":16},"end":{"line":21,"column":103}},"9":{"start":{"line":22,"column":4},"end":{"line":22,"column":22}},"10":{"start":{"line":23,"column":4},"end":{"line":23,"column":17}},"11":{"start":{"line":28,"column":22},"end":{"line":28,"column":32}},"12":{"start":{"line":29,"column":4},"end":{"line":29,"column":19}},"13":{"start":{"line":32,"column":1},"end":{"line":57,"column":3}}},"fnMap":{"0":{"name":"Email","decl":{"start":{"line":11,"column":24},"end":{"line":11,"column":29}},"loc":{"start":{"line":11,"column":32},"end":{"line":58,"column":1}},"line":11},"1":{"name":"(anonymous_1)","decl":{"start":{"line":13,"column":32},"end":{"line":13,"column":33}},"loc":{"start":{"line":13,"column":38},"end":{"line":13,"column":55}},"line":13},"2":{"name":"handleSubmit","decl":{"start":{"line":18,"column":17},"end":{"line":18,"column":29}},"loc":{"start":{"line":18,"column":35},"end":{"line":24,"column":3}},"line":18},"3":{"name":"handleChange","decl":{"start":{"line":27,"column":11},"end":{"line":27,"column":23}},"loc":{"start":{"line":27,"column":29},"end":{"line":30,"column":3}},"line":27}},"branchMap":{"0":{"loc":{"start":{"line":54,"column":7},"end":{"line":54,"column":56}},"type":"binary-expr","locations":[{"start":{"line":54,"column":7},"end":{"line":54,"column":14}},{"start":{"line":54,"column":18},"end":{"line":54,"column":56}}],"line":54},"1":{"loc":{"start":{"line":55,"column":7},"end":{"line":55,"column":46}},"type":"binary-expr","locations":[{"start":{"line":55,"column":7},"end":{"line":55,"column":19}},{"start":{"line":55,"column":23},"end":{"line":55,"column":46}}],"line":55}},"s":{"0":0,"1":0,"2":0,"3":0,"4":0,"5":0,"6":0,"7":0,"8":0,"9":0,"10":0,"11":0,"12":0,"13":0},"f":{"0":0,"1":0,"2":0,"3":0},"b":{"0":[0,0],"1":[0,0]},"_coverageSchema":"1a1c01bbd47fc00a2c39e90264f33305004495a9","hash":"0f98dd8276b05a92df66c8272200eac2b43c0020"}
,"/home/jw/Programs/SpringBoard/second_capstone/reactFrontend/src/investigate/Response.js": {"path":"/home/jw/Programs/SpringBoard/second_capstone/reactFrontend/src/investigate/Response.js","statementMap":{"0":{"start":{"line":5,"column":2},"end":{"line":5,"column":37}},"1":{"start":{"line":7,"column":18},"end":{"line":7,"column":38}},"2":{"start":{"line":10,"column":4},"end":{"line":23,"column":5}},"3":{"start":{"line":12,"column":8},"end":{"line":12,"column":43}},"4":{"start":{"line":14,"column":8},"end":{"line":14,"column":89}},"5":{"start":{"line":16,"column":8},"end":{"line":16,"column":116}},"6":{"start":{"line":18,"column":8},"end":{"line":18,"column":65}},"7":{"start":{"line":20,"column":8},"end":{"line":20,"column":71}},"8":{"start":{"line":22,"column":8},"end":{"line":22,"column":59}},"9":{"start":{"line":27,"column":4},"end":{"line":40,"column":5}},"10":{"start":{"line":29,"column":8},"end":{"line":29,"column":43}},"11":{"start":{"line":31,"column":8},"end":{"line":31,"column":89}},"12":{"start":{"line":33,"column":8},"end":{"line":33,"column":100}},"13":{"start":{"line":35,"column":8},"end":{"line":35,"column":75}},"14":{"start":{"line":37,"column":8},"end":{"line":37,"column":78}},"15":{"start":{"line":39,"column":8},"end":{"line":39,"column":59}},"16":{"start":{"line":43,"column":2},"end":{"line":43,"column":70}},"17":{"start":{"line":43,"column":19},"end":{"line":43,"column":70}},"18":{"start":{"line":44,"column":2},"end":{"line":64,"column":4}}},"fnMap":{"0":{"name":"Response","decl":{"start":{"line":4,"column":24},"end":{"line":4,"column":32}},"loc":{"start":{"line":4,"column":41},"end":{"line":65,"column":1}},"line":4},"1":{"name":"smtp","decl":{"start":{"line":9,"column":11},"end":{"line":9,"column":15}},"loc":{"start":{"line":9,"column":23},"end":{"line":24,"column":3}},"line":9},"2":{"name":"overall","decl":{"start":{"line":26,"column":11},"end":{"line":26,"column":18}},"loc":{"start":{"line":26,"column":26},"end":{"line":41,"column":3}},"line":26}},"branchMap":{"0":{"loc":{"start":{"line":10,"column":4},"end":{"line":23,"column":5}},"type":"switch","locations":[{"start":{"line":11,"column":6},"end":{"line":12,"column":43}},{"start":{"line":13,"column":6},"end":{"line":14,"column":89}},{"start":{"line":15,"column":6},"end":{"line":16,"column":116}},{"start":{"line":17,"column":6},"end":{"line":18,"column":65}},{"start":{"line":19,"column":6},"end":{"line":20,"column":71}},{"start":{"line":21,"column":6},"end":{"line":22,"column":59}}],"line":10},"1":{"loc":{"start":{"line":27,"column":4},"end":{"line":40,"column":5}},"type":"switch","locations":[{"start":{"line":28,"column":6},"end":{"line":29,"column":43}},{"start":{"line":30,"column":6},"end":{"line":31,"column":89}},{"start":{"line":32,"column":6},"end":{"line":33,"column":100}},{"start":{"line":34,"column":6},"end":{"line":35,"column":75}},{"start":{"line":36,"column":6},"end":{"line":37,"column":78}},{"start":{"line":38,"column":6},"end":{"line":39,"column":59}}],"line":27},"2":{"loc":{"start":{"line":43,"column":2},"end":{"line":43,"column":70}},"type":"if","locations":[{"start":{"line":43,"column":2},"end":{"line":43,"column":70}},{"start":{"line":43,"column":2},"end":{"line":43,"column":70}}],"line":43},"3":{"loc":{"start":{"line":53,"column":9},"end":{"line":54,"column":62}},"type":"binary-expr","locations":[{"start":{"line":53,"column":9},"end":{"line":53,"column":24}},{"start":{"line":53,"column":28},"end":{"line":54,"column":62}}],"line":53},"4":{"loc":{"start":{"line":55,"column":9},"end":{"line":56,"column":103}},"type":"binary-expr","locations":[{"start":{"line":55,"column":9},"end":{"line":55,"column":20}},{"start":{"line":55,"column":24},"end":{"line":56,"column":103}}],"line":55},"5":{"loc":{"start":{"line":57,"column":9},"end":{"line":59,"column":48}},"type":"binary-expr","locations":[{"start":{"line":57,"column":9},"end":{"line":57,"column":26}},{"start":{"line":57,"column":30},"end":{"line":59,"column":48}}],"line":57},"6":{"loc":{"start":{"line":60,"column":9},"end":{"line":61,"column":123}},"type":"binary-expr","locations":[{"start":{"line":60,"column":9},"end":{"line":60,"column":22}},{"start":{"line":60,"column":26},"end":{"line":61,"column":123}}],"line":60}},"s":{"0":0,"1":0,"2":0,"3":0,"4":0,"5":0,"6":0,"7":0,"8":0,"9":0,"10":0,"11":0,"12":0,"13":0,"14":0,"15":0,"16":0,"17":0,"18":0},"f":{"0":0,"1":0,"2":0},"b":{"0":[0,0,0,0,0,0],"1":[0,0,0,0,0,0],"2":[0,0],"3":[0,0],"4":[0,0],"5":[0,0],"6":[0,0]},"_coverageSchema":"1a1c01bbd47fc00a2c39e90264f33305004495a9","hash":"996f00d8dbf3beded17772f3ee1aadf1a588143d"}
,"/home/jw/Programs/SpringBoard/second_capstone/reactFrontend/src/investigate/Url.js": {"path":"/home/jw/Programs/SpringBoard/second_capstone/reactFrontend/src/investigate/Url.js","statementMap":{"0":{"start":{"line":11,"column":2},"end":{"line":11,"column":32}},"1":{"start":{"line":12,"column":20},"end":{"line":12,"column":56}},"2":{"start":{"line":12,"column":38},"end":{"line":12,"column":55}},"3":{"start":{"line":13,"column":24},"end":{"line":13,"column":36}},"4":{"start":{"line":14,"column":26},"end":{"line":14,"column":38}},"5":{"start":{"line":15,"column":32},"end":{"line":15,"column":47}},"6":{"start":{"line":18,"column":4},"end":{"line":18,"column":25}},"7":{"start":{"line":19,"column":4},"end":{"line":19,"column":20}},"8":{"start":{"line":20,"column":16},"end":{"line":20,"column":119}},"9":{"start":{"line":21,"column":4},"end":{"line":21,"column":20}},"10":{"start":{"line":22,"column":4},"end":{"line":22,"column":21}},"11":{"start":{"line":23,"column":4},"end":{"line":23,"column":16}},"12":{"start":{"line":28,"column":22},"end":{"line":28,"column":32}},"13":{"start":{"line":29,"column":4},"end":{"line":29,"column":17}},"14":{"start":{"line":32,"column":1},"end":{"line":55,"column":3}}},"fnMap":{"0":{"name":"Url","decl":{"start":{"line":10,"column":24},"end":{"line":10,"column":27}},"loc":{"start":{"line":10,"column":30},"end":{"line":56,"column":1}},"line":10},"1":{"name":"(anonymous_1)","decl":{"start":{"line":12,"column":32},"end":{"line":12,"column":33}},"loc":{"start":{"line":12,"column":38},"end":{"line":12,"column":55}},"line":12},"2":{"name":"handleSubmit","decl":{"start":{"line":17,"column":17},"end":{"line":17,"column":29}},"loc":{"start":{"line":17,"column":35},"end":{"line":24,"column":3}},"line":17},"3":{"name":"handleChange","decl":{"start":{"line":27,"column":11},"end":{"line":27,"column":23}},"loc":{"start":{"line":27,"column":29},"end":{"line":30,"column":3}},"line":27}},"branchMap":{"0":{"loc":{"start":{"line":52,"column":7},"end":{"line":52,"column":56}},"type":"binary-expr","locations":[{"start":{"line":52,"column":7},"end":{"line":52,"column":14}},{"start":{"line":52,"column":18},"end":{"line":52,"column":56}}],"line":52},"1":{"loc":{"start":{"line":53,"column":7},"end":{"line":53,"column":61}},"type":"binary-expr","locations":[{"start":{"line":53,"column":7},"end":{"line":53,"column":31}},{"start":{"line":53,"column":35},"end":{"line":53,"column":61}}],"line":53}},"s":{"0":0,"1":0,"2":0,"3":0,"4":0,"5":0,"6":0,"7":0,"8":0,"9":0,"10":0,"11":0,"12":0,"13":0,"14":0},"f":{"0":0,"1":0,"2":0,"3":0},"b":{"0":[0,0],"1":[0,0]},"_coverageSchema":"1a1c01bbd47fc00a2c39e90264f33305004495a9","hash":"24d29094523a32254ac2e905b2ccf796fe46b454"}
,"/home/jw/Programs/SpringBoard/second_capstone/reactFrontend/src/investigate/UrlResponse.js": {"path":"/home/jw/Programs/SpringBoard/second_capstone/reactFrontend/src/investigate/UrlResponse.js","statementMap":{"0":{"start":{"line":5,"column":2},"end":{"line":5,"column":37}},"1":{"start":{"line":6,"column":2},"end":{"line":6,"column":19}},"2":{"start":{"line":7,"column":18},"end":{"line":7,"column":39}},"3":{"start":{"line":9,"column":2},"end":{"line":9,"column":124}},"4":{"start":{"line":9,"column":28},"end":{"line":9,"column":124}},"5":{"start":{"line":10,"column":2},"end":{"line":24,"column":4}}},"fnMap":{"0":{"name":"UrlResponse","decl":{"start":{"line":4,"column":24},"end":{"line":4,"column":35}},"loc":{"start":{"line":4,"column":44},"end":{"line":25,"column":1}},"line":4}},"branchMap":{"0":{"loc":{"start":{"line":9,"column":2},"end":{"line":9,"column":124}},"type":"if","locations":[{"start":{"line":9,"column":2},"end":{"line":9,"column":124}},{"start":{"line":9,"column":2},"end":{"line":9,"column":124}}],"line":9},"1":{"loc":{"start":{"line":18,"column":9},"end":{"line":18,"column":113}},"type":"binary-expr","locations":[{"start":{"line":18,"column":9},"end":{"line":18,"column":22}},{"start":{"line":18,"column":26},"end":{"line":18,"column":113}}],"line":18},"2":{"loc":{"start":{"line":19,"column":9},"end":{"line":19,"column":80}},"type":"binary-expr","locations":[{"start":{"line":19,"column":9},"end":{"line":19,"column":21}},{"start":{"line":19,"column":25},"end":{"line":19,"column":80}}],"line":19},"3":{"loc":{"start":{"line":20,"column":9},"end":{"line":20,"column":107}},"type":"binary-expr","locations":[{"start":{"line":20,"column":9},"end":{"line":20,"column":22}},{"start":{"line":20,"column":26},"end":{"line":20,"column":107}}],"line":20},"4":{"loc":{"start":{"line":21,"column":9},"end":{"line":21,"column":79}},"type":"binary-expr","locations":[{"start":{"line":21,"column":9},"end":{"line":21,"column":23}},{"start":{"line":21,"column":27},"end":{"line":21,"column":79}}],"line":21}},"s":{"0":0,"1":0,"2":0,"3":0,"4":0,"5":0},"f":{"0":0},"b":{"0":[0,0],"1":[0,0],"2":[0,0],"3":[0,0],"4":[0,0]},"_coverageSchema":"1a1c01bbd47fc00a2c39e90264f33305004495a9","hash":"a7540820cdc91d390081ecde599586551b0ad9cb"}
,"/home/jw/Programs/SpringBoard/second_capstone/reactFrontend/src/landing/Landing.js": {"path":"/home/jw/Programs/SpringBoard/second_capstone/reactFrontend/src/landing/Landing.js","statementMap":{"0":{"start":{"line":10,"column":1},"end":{"line":23,"column":3}}},"fnMap":{"0":{"name":"Landing","decl":{"start":{"line":9,"column":24},"end":{"line":9,"column":31}},"loc":{"start":{"line":9,"column":34},"end":{"line":24,"column":1}},"line":9}},"branchMap":{},"s":{"0":3},"f":{"0":3},"b":{},"_coverageSchema":"1a1c01bbd47fc00a2c39e90264f33305004495a9","hash":"59dc9636de03017c720c74dffba9d013dc948ed6"}
,"/home/jw/Programs/SpringBoard/second_capstone/reactFrontend/src/profile/Profile.js": {"path":"/home/jw/Programs/SpringBoard/second_capstone/reactFrontend/src/profile/Profile.js","statementMap":{"0":{"start":{"line":9,"column":15},"end":{"line":9,"column":45}},"1":{"start":{"line":9,"column":33},"end":{"line":9,"column":44}},"2":{"start":{"line":10,"column":18},"end":{"line":10,"column":30}},"3":{"start":{"line":11,"column":36},"end":{"line":11,"column":51}},"4":{"start":{"line":12,"column":28},"end":{"line":12,"column":42}},"5":{"start":{"line":13,"column":46},"end":{"line":13,"column":58}},"6":{"start":{"line":15,"column":2},"end":{"line":28,"column":19}},"7":{"start":{"line":17,"column":6},"end":{"line":23,"column":7}},"8":{"start":{"line":18,"column":28},"end":{"line":18,"column":68}},"9":{"start":{"line":19,"column":8},"end":{"line":19,"column":38}},"10":{"start":{"line":20,"column":8},"end":{"line":20,"column":24}},"11":{"start":{"line":22,"column":8},"end":{"line":22,"column":69}},"12":{"start":{"line":25,"column":4},"end":{"line":25,"column":23}},"13":{"start":{"line":26,"column":4},"end":{"line":26,"column":27}},"14":{"start":{"line":26,"column":15},"end":{"line":26,"column":27}},"15":{"start":{"line":27,"column":4},"end":{"line":27,"column":24}},"16":{"start":{"line":30,"column":19},"end":{"line":33,"column":3}},"17":{"start":{"line":31,"column":15},"end":{"line":31,"column":30}},"18":{"start":{"line":32,"column":4},"end":{"line":32,"column":23}},"19":{"start":{"line":35,"column":21},"end":{"line":39,"column":3}},"20":{"start":{"line":36,"column":4},"end":{"line":36,"column":35}},"21":{"start":{"line":37,"column":4},"end":{"line":37,"column":22}},"22":{"start":{"line":38,"column":4},"end":{"line":38,"column":13}},"23":{"start":{"line":41,"column":22},"end":{"line":44,"column":3}},"24":{"start":{"line":42,"column":4},"end":{"line":42,"column":40}},"25":{"start":{"line":43,"column":4},"end":{"line":43,"column":19}},"26":{"start":{"line":46,"column":2},"end":{"line":46,"column":48}},"27":{"start":{"line":46,"column":17},"end":{"line":46,"column":48}},"28":{"start":{"line":47,"column":2},"end":{"line":78,"column":3}}},"fnMap":{"0":{"name":"Profile","decl":{"start":{"line":8,"column":24},"end":{"line":8,"column":31}},"loc":{"start":{"line":8,"column":42},"end":{"line":79,"column":1}},"line":8},"1":{"name":"(anonymous_1)","decl":{"start":{"line":9,"column":27},"end":{"line":9,"column":28}},"loc":{"start":{"line":9,"column":33},"end":{"line":9,"column":44}},"line":9},"2":{"name":"(anonymous_2)","decl":{"start":{"line":15,"column":12},"end":{"line":15,"column":13}},"loc":{"start":{"line":15,"column":18},"end":{"line":28,"column":3}},"line":15},"3":{"name":"getHistory","decl":{"start":{"line":16,"column":19},"end":{"line":16,"column":29}},"loc":{"start":{"line":16,"column":32},"end":{"line":24,"column":5}},"line":16},"4":{"name":"(anonymous_4)","decl":{"start":{"line":30,"column":19},"end":{"line":30,"column":20}},"loc":{"start":{"line":30,"column":25},"end":{"line":33,"column":3}},"line":30},"5":{"name":"(anonymous_5)","decl":{"start":{"line":35,"column":21},"end":{"line":35,"column":22}},"loc":{"start":{"line":35,"column":27},"end":{"line":39,"column":3}},"line":35},"6":{"name":"(anonymous_6)","decl":{"start":{"line":41,"column":22},"end":{"line":41,"column":23}},"loc":{"start":{"line":41,"column":28},"end":{"line":44,"column":3}},"line":41}},"branchMap":{"0":{"loc":{"start":{"line":26,"column":4},"end":{"line":26,"column":27}},"type":"if","locations":[{"start":{"line":26,"column":4},"end":{"line":26,"column":27}},{"start":{"line":26,"column":4},"end":{"line":26,"column":27}}],"line":26},"1":{"loc":{"start":{"line":46,"column":2},"end":{"line":46,"column":48}},"type":"if","locations":[{"start":{"line":46,"column":2},"end":{"line":46,"column":48}},{"start":{"line":46,"column":2},"end":{"line":46,"column":48}}],"line":46},"2":{"loc":{"start":{"line":76,"column":8},"end":{"line":76,"column":91}},"type":"binary-expr","locations":[{"start":{"line":76,"column":8},"end":{"line":76,"column":30}},{"start":{"line":76,"column":34},"end":{"line":76,"column":91}}],"line":76}},"s":{"0":0,"1":0,"2":0,"3":0,"4":0,"5":0,"6":0,"7":0,"8":0,"9":0,"10":0,"11":0,"12":0,"13":0,"14":0,"15":0,"16":0,"17":0,"18":0,"19":0,"20":0,"21":0,"22":0,"23":0,"24":0,"25":0,"26":0,"27":0,"28":0},"f":{"0":0,"1":0,"2":0,"3":0,"4":0,"5":0,"6":0},"b":{"0":[0,0],"1":[0,0],"2":[0,0]},"_coverageSchema":"1a1c01bbd47fc00a2c39e90264f33305004495a9","hash":"5a3c899140df697db25083826b8b60bf06887b4e"}
,"/home/jw/Programs/SpringBoard/second_capstone/reactFrontend/src/profile/UserHistory.js": {"path":"/home/jw/Programs/SpringBoard/second_capstone/reactFrontend/src/profile/UserHistory.js","statementMap":{"0":{"start":{"line":5,"column":2},"end":{"line":7,"column":4}},"1":{"start":{"line":6,"column":4},"end":{"line":6,"column":35}},"2":{"start":{"line":9,"column":2},"end":{"line":15,"column":4}}},"fnMap":{"0":{"name":"UserHistory","decl":{"start":{"line":4,"column":24},"end":{"line":4,"column":35}},"loc":{"start":{"line":4,"column":52},"end":{"line":16,"column":1}},"line":4},"1":{"name":"(anonymous_1)","decl":{"start":{"line":5,"column":34},"end":{"line":5,"column":35}},"loc":{"start":{"line":5,"column":41},"end":{"line":7,"column":3}},"line":5}},"branchMap":{},"s":{"0":0,"1":0,"2":0},"f":{"0":0,"1":0},"b":{},"_coverageSchema":"1a1c01bbd47fc00a2c39e90264f33305004495a9","hash":"b7934c36efc423de79207e99d013118590e86734"}
}
