TN:
SF:src/App.js
FN:8,App
FN:12,(anonymous_1)
FN:13,getUser
FN:29,signup
FN:41,login
FN:54,logout
FNF:6
FNH:2
FNDA:1,App
FNDA:1,(anonymous_1)
FNDA:0,getUser
FNDA:0,signup
FNDA:0,login
FNDA:0,logout
DA:9,1
DA:10,1
DA:12,1
DA:14,0
DA:15,0
DA:16,0
DA:18,0
DA:19,0
DA:21,0
DA:23,0
DA:26,1
DA:30,0
DA:31,0
DA:32,0
DA:33,0
DA:34,0
DA:36,0
DA:37,0
DA:42,0
DA:43,0
DA:44,0
DA:45,0
DA:46,0
DA:47,0
DA:49,0
DA:50,0
DA:55,0
DA:56,0
DA:57,0
DA:60,1
LF:30
LH:5
BRDA:26,0,0,0
BRDA:26,0,1,1
BRF:2
BRH:1
end_of_record
TN:
SF:src/testUtils.js
FN:21,(anonymous_0)
FNF:1
FNH:1
FNDA:3,(anonymous_0)
DA:8,2
DA:13,2
DA:21,2
DA:22,3
LF:4
LH:4
BRF:0
BRH:0
end_of_record
TN:
SF:src/auth/Login.js
FN:12,LoginForm
FN:23,handleSubmit
FN:36,handleChange
FN:38,(anonymous_3)
FNF:4
FNH:0
FNDA:0,LoginForm
FNDA:0,handleSubmit
FNDA:0,handleChange
FNDA:0,(anonymous_3)
DA:13,0
DA:14,0
DA:15,0
DA:17,0
DA:21,0
DA:24,0
DA:26,0
DA:27,0
DA:29,0
DA:30,0
DA:32,0
DA:37,0
DA:38,0
DA:40,0
LF:14
LH:0
BRDA:27,0,0,0
BRDA:27,0,1,0
BRDA:67,1,0,0
BRDA:67,1,1,0
BRF:4
BRH:0
end_of_record
TN:
SF:src/auth/Signup.js
FN:13,Signup
FN:26,handleSubmit
FN:39,handleChange
FN:41,(anonymous_3)
FN:88,(anonymous_4)
FNF:5
FNH:0
FNDA:0,Signup
FNDA:0,handleSubmit
FNDA:0,handleChange
FNDA:0,(anonymous_3)
FNDA:0,(anonymous_4)
DA:14,0
DA:15,0
DA:16,0
DA:18,0
DA:24,0
DA:27,0
DA:29,0
DA:31,0
DA:33,0
DA:34,0
DA:35,0
DA:40,0
DA:41,0
DA:44,0
DA:88,0
LF:15
LH:0
BRDA:31,0,0,0
BRDA:31,0,1,0
BRDA:87,1,0,0
BRDA:87,1,1,0
BRF:4
BRH:0
end_of_record
TN:
SF:src/common/Api.js
FN:18,(anonymous_0)
FN:41,(anonymous_1)
FN:46,(anonymous_2)
FN:51,(anonymous_3)
FN:56,(anonymous_4)
FN:61,(anonymous_5)
FN:66,(anonymous_6)
FN:72,(anonymous_7)
FN:77,(anonymous_8)
FN:82,(anonymous_9)
FNF:10
FNH:0
FNDA:0,(anonymous_0)
FNDA:0,(anonymous_1)
FNDA:0,(anonymous_2)
FNDA:0,(anonymous_3)
FNDA:0,(anonymous_4)
FNDA:0,(anonymous_5)
FNDA:0,(anonymous_6)
FNDA:0,(anonymous_7)
FNDA:0,(anonymous_8)
FNDA:0,(anonymous_9)
DA:3,2
DA:19,0
DA:23,0
DA:24,0
DA:25,0
DA:29,0
DA:30,0
DA:31,0
DA:33,0
DA:34,0
DA:35,0
DA:42,0
DA:43,0
DA:47,0
DA:48,0
DA:52,0
DA:53,0
DA:57,0
DA:58,0
DA:62,0
DA:63,0
DA:67,0
DA:68,0
DA:69,0
DA:73,0
DA:74,0
DA:78,0
DA:79,0
DA:83,0
DA:84,0
LF:30
LH:1
BRDA:18,0,0,0
BRDA:18,1,0,0
BRDA:25,2,0,0
BRDA:25,2,1,0
BRDA:35,3,0,0
BRDA:35,3,1,0
BRF:6
BRH:0
end_of_record
TN:
SF:src/common/HomeItem.js
FN:5,HomeItem
FNF:1
FNH:0
FNDA:0,HomeItem
DA:6,0
DA:24,0
DA:25,0
LF:3
LH:0
BRDA:51,0,0,0
BRDA:51,0,1,0
BRF:2
BRH:0
end_of_record
TN:
SF:src/common/Nav.js
FN:10,(anonymous_0)
FN:20,Navigation
FN:22,(anonymous_2)
FN:24,(anonymous_3)
FN:35,(anonymous_4)
FNF:5
FNH:4
FNDA:3,(anonymous_0)
FNDA:3,Navigation
FNDA:6,(anonymous_2)
FNDA:0,(anonymous_3)
FNDA:3,(anonymous_4)
DA:10,3
DA:21,3
DA:22,6
DA:24,3
DA:25,0
DA:35,3
DA:36,3
DA:44,3
LF:8
LH:7
BRDA:48,0,0,0
BRDA:48,0,1,3
BRDA:60,1,0,0
BRDA:60,1,1,3
BRF:4
BRH:2
end_of_record
TN:
SF:src/common/Routes.js
FN:17,Routes
FN:18,(anonymous_1)
FN:32,(anonymous_2)
FNF:3
FNH:2
FNDA:3,Routes
FNDA:6,(anonymous_1)
FNDA:0,(anonymous_2)
DA:18,6
DA:19,3
DA:22,3
DA:32,0
DA:46,3
DA:65,3
LF:6
LH:5
BRDA:69,0,0,0
BRDA:69,0,1,3
BRF:2
BRH:1
end_of_record
TN:
SF:src/home/AllTime.js
FN:7,AllTime
FN:14,(anonymous_1)
FN:15,getAllTime
FN:26,(anonymous_3)
FN:27,(anonymous_4)
FN:28,(anonymous_5)
FN:29,(anonymous_6)
FN:30,(anonymous_7)
FN:86,(anonymous_8)
FNF:9
FNH:0
FNDA:0,AllTime
FNDA:0,(anonymous_1)
FNDA:0,getAllTime
FNDA:0,(anonymous_3)
FNDA:0,(anonymous_4)
FNDA:0,(anonymous_5)
FNDA:0,(anonymous_6)
FNDA:0,(anonymous_7)
FNDA:0,(anonymous_8)
DA:8,0
DA:9,0
DA:10,0
DA:11,0
DA:12,0
DA:14,0
DA:16,0
DA:17,0
DA:18,0
DA:19,0
DA:21,0
DA:24,0
DA:25,0
DA:27,0
DA:28,0
DA:29,0
DA:30,0
DA:34,0
DA:37,0
DA:50,0
DA:63,0
DA:86,0
LF:22
LH:0
BRDA:25,0,0,0
BRDA:25,0,1,0
BRDA:65,1,0,0
BRDA:65,1,1,0
BRDA:66,2,0,0
BRDA:66,2,1,0
BRDA:70,3,0,0
BRDA:70,3,1,0
BRF:8
BRH:0
end_of_record
TN:
SF:src/home/History.js
FN:6,History
FN:9,(anonymous_1)
FN:10,getHistory
FN:22,(anonymous_3)
FNF:4
FNH:0
FNDA:0,History
FNDA:0,(anonymous_1)
FNDA:0,getHistory
FNDA:0,(anonymous_3)
DA:7,0
DA:9,0
DA:11,0
DA:12,0
DA:13,0
DA:14,0
DA:16,0
DA:19,0
DA:22,0
DA:23,0
DA:26,0
LF:11
LH:0
BRF:0
BRH:0
end_of_record
TN:
SF:src/home/Home.js
FN:19,Home
FN:20,(anonymous_1)
FN:21,(anonymous_2)
FN:32,(anonymous_3)
FN:37,(anonymous_4)
FN:41,(anonymous_5)
FNF:6
FNH:0
FNDA:0,Home
FNDA:0,(anonymous_1)
FNDA:0,(anonymous_2)
FNDA:0,(anonymous_3)
FNDA:0,(anonymous_4)
FNDA:0,(anonymous_5)
DA:20,0
DA:21,0
DA:22,0
DA:23,0
DA:24,0
DA:27,0
DA:28,0
DA:29,0
DA:32,0
DA:33,0
DA:34,0
DA:37,0
DA:38,0
DA:41,0
DA:42,0
DA:43,0
DA:44,0
DA:45,0
DA:47,0
DA:51,0
LF:20
LH:0
BRDA:27,0,0,0
BRDA:27,0,1,0
BRDA:27,1,0,0
BRDA:27,1,1,0
BRDA:42,2,0,0
BRDA:42,2,1,0
BRDA:44,3,0,0
BRDA:44,3,1,0
BRF:8
BRH:0
end_of_record
TN:
SF:src/home/Hot.js
FN:7,Hot
FN:14,(anonymous_1)
FN:15,getHot
FN:26,(anonymous_3)
FN:27,(anonymous_4)
FN:28,(anonymous_5)
FN:29,(anonymous_6)
FN:30,(anonymous_7)
FN:86,(anonymous_8)
FNF:9
FNH:0
FNDA:0,Hot
FNDA:0,(anonymous_1)
FNDA:0,getHot
FNDA:0,(anonymous_3)
FNDA:0,(anonymous_4)
FNDA:0,(anonymous_5)
FNDA:0,(anonymous_6)
FNDA:0,(anonymous_7)
FNDA:0,(anonymous_8)
DA:8,0
DA:9,0
DA:10,0
DA:11,0
DA:12,0
DA:14,0
DA:16,0
DA:17,0
DA:18,0
DA:19,0
DA:21,0
DA:24,0
DA:25,0
DA:27,0
DA:28,0
DA:29,0
DA:30,0
DA:34,0
DA:37,0
DA:50,0
DA:63,0
DA:86,0
LF:22
LH:0
BRDA:25,0,0,0
BRDA:25,0,1,0
BRDA:65,1,0,0
BRDA:65,1,1,0
BRDA:66,2,0,0
BRDA:66,2,1,0
BRDA:70,3,0,0
BRDA:70,3,1,0
BRF:8
BRH:0
end_of_record
TN:
SF:src/investigate/Email.js
FN:11,Email
FN:13,(anonymous_1)
FN:18,handleSubmit
FN:27,handleChange
FNF:4
FNH:0
FNDA:0,Email
FNDA:0,(anonymous_1)
FNDA:0,handleSubmit
FNDA:0,handleChange
DA:12,0
DA:13,0
DA:14,0
DA:15,0
DA:16,0
DA:19,0
DA:20,0
DA:21,0
DA:22,0
DA:23,0
DA:28,0
DA:29,0
DA:32,0
LF:13
LH:0
BRDA:54,0,0,0
BRDA:54,0,1,0
BRDA:55,1,0,0
BRDA:55,1,1,0
BRF:4
BRH:0
end_of_record
TN:
SF:src/investigate/Response.js
FN:4,Response
FN:9,smtp
FN:26,overall
FNF:3
FNH:0
FNDA:0,Response
FNDA:0,smtp
FNDA:0,overall
DA:5,0
DA:7,0
DA:10,0
DA:12,0
DA:14,0
DA:16,0
DA:18,0
DA:20,0
DA:22,0
DA:27,0
DA:29,0
DA:31,0
DA:33,0
DA:35,0
DA:37,0
DA:39,0
DA:43,0
DA:44,0
LF:18
LH:0
BRDA:10,0,0,0
BRDA:10,0,1,0
BRDA:10,0,2,0
BRDA:10,0,3,0
BRDA:10,0,4,0
BRDA:10,0,5,0
BRDA:27,1,0,0
BRDA:27,1,1,0
BRDA:27,1,2,0
BRDA:27,1,3,0
BRDA:27,1,4,0
BRDA:27,1,5,0
BRDA:43,2,0,0
BRDA:43,2,1,0
BRDA:53,3,0,0
BRDA:53,3,1,0
BRDA:55,4,0,0
BRDA:55,4,1,0
BRDA:57,5,0,0
BRDA:57,5,1,0
BRDA:60,6,0,0
BRDA:60,6,1,0
BRF:22
BRH:0
end_of_record
TN:
SF:src/investigate/Url.js
FN:10,Url
FN:12,(anonymous_1)
FN:17,handleSubmit
FN:27,handleChange
FNF:4
FNH:0
FNDA:0,Url
FNDA:0,(anonymous_1)
FNDA:0,handleSubmit
FNDA:0,handleChange
DA:11,0
DA:12,0
DA:13,0
DA:14,0
DA:15,0
DA:18,0
DA:19,0
DA:20,0
DA:21,0
DA:22,0
DA:23,0
DA:28,0
DA:29,0
DA:32,0
LF:14
LH:0
BRDA:52,0,0,0
BRDA:52,0,1,0
BRDA:53,1,0,0
BRDA:53,1,1,0
BRF:4
BRH:0
end_of_record
TN:
SF:src/investigate/UrlResponse.js
FN:4,UrlResponse
FNF:1
FNH:0
FNDA:0,UrlResponse
DA:5,0
DA:6,0
DA:7,0
DA:9,0
DA:10,0
LF:5
LH:0
BRDA:9,0,0,0
BRDA:9,0,1,0
BRDA:18,1,0,0
BRDA:18,1,1,0
BRDA:19,2,0,0
BRDA:19,2,1,0
BRDA:20,3,0,0
BRDA:20,3,1,0
BRDA:21,4,0,0
BRDA:21,4,1,0
BRF:10
BRH:0
end_of_record
TN:
SF:src/landing/Landing.js
FN:9,Landing
FNF:1
FNH:1
FNDA:3,Landing
DA:10,3
LF:1
LH:1
BRF:0
BRH:0
end_of_record
TN:
SF:src/profile/Profile.js
FN:8,Profile
FN:9,(anonymous_1)
FN:15,(anonymous_2)
FN:16,getHistory
FN:30,(anonymous_4)
FN:35,(anonymous_5)
FN:41,(anonymous_6)
FNF:7
FNH:0
FNDA:0,Profile
FNDA:0,(anonymous_1)
FNDA:0,(anonymous_2)
FNDA:0,getHistory
FNDA:0,(anonymous_4)
FNDA:0,(anonymous_5)
FNDA:0,(anonymous_6)
DA:9,0
DA:10,0
DA:11,0
DA:12,0
DA:13,0
DA:15,0
DA:17,0
DA:18,0
DA:19,0
DA:20,0
DA:22,0
DA:25,0
DA:26,0
DA:27,0
DA:30,0
DA:31,0
DA:32,0
DA:35,0
DA:36,0
DA:37,0
DA:38,0
DA:41,0
DA:42,0
DA:43,0
DA:46,0
DA:47,0
LF:26
LH:0
BRDA:26,0,0,0
BRDA:26,0,1,0
BRDA:46,1,0,0
BRDA:46,1,1,0
BRDA:76,2,0,0
BRDA:76,2,1,0
BRF:6
BRH:0
end_of_record
TN:
SF:src/profile/UserHistory.js
FN:4,UserHistory
FN:5,(anonymous_1)
FNF:2
FNH:0
FNDA:0,UserHistory
FNDA:0,(anonymous_1)
DA:5,0
DA:6,0
DA:9,0
LF:3
LH:0
BRF:0
BRH:0
end_of_record
